[2m2025-12-27T16:26:02.440672Z[0m [32m INFO[0m Starting 0xInfinity Engine in dev mode
=== 0xInfinity: Chapter 9a - Gateway Mode ===
Loaded 3 assets from fixtures/assets_config.csv
Loaded 2 symbols from fixtures/symbols_config.csv
Active symbol: BTC_USDT (base=BTC, quote=USDT)
  Internal decimals: base=8
  Max tradeable @ $100000: 18446.74 BTC per order (u64 safe)
Gateway will listen on 0.0.0.0:8080
Active symbol: BTC_USDT
Order queue size: 10000

[Persistence] Connecting to TDengine...
[2m2025-12-27T16:26:02.449054Z[0m [32m INFO[0m Connected to TDengine: taos+ws://root:taosdata@localhost:6041
[2m2025-12-27T16:26:02.449096Z[0m [32m INFO[0m Initializing TDengine schema...
[2m2025-12-27T16:26:02.480996Z[0m [34mDEBUG[0m handshake request
GET /ws HTTP/1.1
Host: localhost:6041
Upgrade: websocket
Connection: Upgrade
Sec-Websocket-Key: jojBW/vSv6xp2K8ZPgRJzQ==
Sec-WebSocket-Version: 13
Accept-Encoding: gzip


[2m2025-12-27T16:26:02.481941Z[0m [34mDEBUG[0m protocol handshake complete
[2m2025-12-27T16:26:02.481962Z[0m [34mDEBUG[0m handshake response Response { status: 101, version: HTTP/1.1, headers: {"upgrade": "websocket", "connection": "Upgrade", "sec-websocket-accept": "6LHxArRnJ1R7tZKnGAcRMc1stiU="}, body: () }
[2m2025-12-27T16:26:02.481979Z[0m [34mDEBUG[0m use deflate config: None
[2m2025-12-27T16:26:02.497960Z[0m [32m INFO[0m ✅ TDengine database precision: us (correct)
[2m2025-12-27T16:26:02.504938Z[0m [32m INFO[0m TDengine schema initialized successfully
✅ TDengine connected and schema initialized
[2m2025-12-27T16:26:02.504977Z[0m [32m INFO[0m Creating K-Line streams...
[2m2025-12-27T16:26:02.507732Z[0m [32m INFO[0m Created stream: kline_1m_stream
[2m2025-12-27T16:26:02.509060Z[0m [32m INFO[0m Created stream: kline_5m_stream
[2m2025-12-27T16:26:02.510839Z[0m [32m INFO[0m Created stream: kline_15m_stream
[2m2025-12-27T16:26:02.512886Z[0m [32m INFO[0m Created stream: kline_30m_stream
[2m2025-12-27T16:26:02.514856Z[0m [32m INFO[0m Created stream: kline_1h_stream
[2m2025-12-27T16:26:02.515928Z[0m [32m INFO[0m Created stream: kline_1d_stream
[2m2025-12-27T16:26:02.515983Z[0m [32m INFO[0m K-Line streams setup complete
✅ K-Line streams created
[2m2025-12-27T16:26:02.516011Z[0m [32m INFO[0m Pre-creating subtables for 2 symbols...
[2m2025-12-27T16:26:02.527966Z[0m [34mDEBUG[0m Pre-created subtables for symbol_id=0
[2m2025-12-27T16:26:02.528802Z[0m [34mDEBUG[0m Pre-created subtables for symbol_id=1
[2m2025-12-27T16:26:02.528859Z[0m [32m INFO[0m All symbol subtables pre-creation finished
✅ Symbol subtables pre-created

[Account] Connecting to PostgreSQL...
[2m2025-12-27T16:26:02.536017Z[0m [32m INFO[0m PostgreSQL connection pool established
✅ PostgreSQL connected
[2m2025-12-27T16:26:02.540038Z[0m [34mDEBUG[0m [3msummary[0m[2m=[0m"SELECT asset_id, asset, name, …" [3mdb.statement[0m[2m=[0m"\n\nSELECT asset_id, asset, name, decimals, status, asset_flags \n               FROM assets_tb WHERE status = 1\n" [3mrows_affected[0m[2m=[0m3 [3mrows_returned[0m[2m=[0m3 [3melapsed[0m[2m=[0m3.569708ms [3melapsed_secs[0m[2m=[0m0.003569708
✅ Loaded 3 assets
[2m2025-12-27T16:26:02.547192Z[0m [34mDEBUG[0m [3msummary[0m[2m=[0m"SELECT symbol_id, symbol, base_asset_id, …" [3mdb.statement[0m[2m=[0m"\n\nSELECT symbol_id, symbol, base_asset_id, quote_asset_id,\n                      price_decimals, qty_decimals, min_qty, status, symbol_flags,\n                      base_maker_fee, base_taker_fee\n               FROM symbols_tb WHERE status = 1\n" [3mrows_affected[0m[2m=[0m1 [3mrows_returned[0m[2m=[0m1 [3melapsed[0m[2m=[0m1.318458ms [3melapsed_secs[0m[2m=[0m0.001318458
✅ Loaded 1 symbols
🔄 TransferChannel created (buffer=1024)

[1] Initializing Trading Core...
Loaded balances for 1002 accounts (row-based format)
[2m2025-12-27T16:26:02.548793Z[0m [32m INFO[0m [UBSCore] Persistence enabled: data_dir=./data/ubscore
[2m2025-12-27T16:26:02.548843Z[0m [32m INFO[0m No snapshot found, cold start
[2m2025-12-27T16:26:02.548912Z[0m [32m INFO[0m Replayed WAL [3mfrom_seq[0m[2m=[0m1 [3mto_seq[0m[2m=[0m0

[Persistence] Pre-creating 2004 balance tables...
   Progress: 500/2004 tables...
   Progress: 1000/2004 tables...
   Progress: 1500/2004 tables...
   Progress: 2000/2004 tables...
✅ Balance tables pre-created for 1002 users
🚀 Gateway thread started
✅ Trading Core initialized

🎯 System ready! Send orders to http://localhost:8080/api/v1/private/order
Press Ctrl+C to shutdown

[2m2025-12-27T16:26:02.921427Z[0m [32m INFO[0m [TRACE] Starting Multi-Thread Pipeline with 0 orders...
[2m2025-12-27T16:26:02.921449Z[0m [32m INFO[0m [ME] Persistence enabled: dir=./data/matching, snapshot_interval=1000
📊 DepthService started
📡 WebSocket push service started
  → TradingAdapter connected to UBSCore via TransferChannel
🔄 Transfer FSM coordinator initialized
[2m2025-12-27T16:26:02.921589Z[0m [32m INFO[0m [WsService] Started - polling push_event_queue
[2m2025-12-27T16:26:02.921659Z[0m [32m INFO[0m No snapshot found, cold start with empty OrderBook
[2m2025-12-27T16:26:02.921670Z[0m [32m INFO[0m MatchingService recovery complete: next_seq_id=1
[2m2025-12-27T16:26:02.921749Z[0m [32m INFO[0m ME Synchronization starting [3mfrom_seq[0m[2m=[0m1
[2m2025-12-27T16:26:02.921775Z[0m [32m INFO[0m ME Synchronization complete
[2m2025-12-27T16:26:02.921781Z[0m [32m INFO[0m [Settlement] Persistence enabled: dir=./data/settlement, checkpoint_interval=1000, snapshot_interval=10000
[2m2025-12-27T16:26:02.921803Z[0m [32m INFO[0m Settlement cold start: no snapshot found
[2m2025-12-27T16:26:02.921824Z[0m [34mDEBUG[0m WAL is empty
[2m2025-12-27T16:26:02.921829Z[0m [32m INFO[0m Settlement recovery complete [3mlast_trade_id[0m[2m=[0m0 [3mis_cold_start[0m[2m=[0mtrue
[2m2025-12-27T16:26:02.921833Z[0m [32m INFO[0m SettlementService recovery complete [3mlast_trade_id[0m[2m=[0m0 [3mis_cold_start[0m[2m=[0mtrue
[2m2025-12-27T16:26:02.921851Z[0m [32m INFO[0m Settlement Synchronization starting [3mlast_trade_id[0m[2m=[0m0
[2m2025-12-27T16:26:02.921867Z[0m [32m INFO[0m Settlement Synchronization complete
[2m2025-12-27T16:26:02.921980Z[0m [32m INFO[0m [TRACE] UBSCoreService thread started
[2m2025-12-27T16:26:02.922036Z[0m [32m INFO[0m [TRACE] Pipeline executing in CONTINUOUS mode (ctrl+c to stop)
🚀 Gateway listening on http://0.0.0.0:8080
📡 WebSocket endpoint: ws://0.0.0.0:8080/ws
📖 API Docs: http://0.0.0.0:8080/docs
📂 Public API:  /api/v1/public/*
🔒 Private API: /api/v1/private/* (auth required)
[2m2025-12-27T16:26:05.311469Z[0m [34mDEBUG[0m [cache] Loading assets from database
[2m2025-12-27T16:26:05.312086Z[0m [34mDEBUG[0m [3msummary[0m[2m=[0m"SELECT asset_id, asset, name, …" [3mdb.statement[0m[2m=[0m"\n\nSELECT asset_id, asset, name, decimals, status, asset_flags \n               FROM assets_tb WHERE status = 1\n" [3mrows_affected[0m[2m=[0m3 [3mrows_returned[0m[2m=[0m3 [3melapsed[0m[2m=[0m280.917µs [3melapsed_secs[0m[2m=[0m0.000280917
[2m2025-12-27T16:26:05.314172Z[0m [34mDEBUG[0m [cache] Loading symbols from database
[2m2025-12-27T16:26:05.314651Z[0m [34mDEBUG[0m [3msummary[0m[2m=[0m"SELECT symbol_id, symbol, base_asset_id, …" [3mdb.statement[0m[2m=[0m"\n\nSELECT symbol_id, symbol, base_asset_id, quote_asset_id,\n                      price_decimals, qty_decimals, min_qty, status, symbol_flags,\n                      base_maker_fee, base_taker_fee\n               FROM symbols_tb WHERE status = 1\n" [3mrows_affected[0m[2m=[0m1 [3mrows_returned[0m[2m=[0m1 [3melapsed[0m[2m=[0m233.833µs [3melapsed_secs[0m[2m=[0m0.000233833
[2m2025-12-27T16:26:05.320024Z[0m [34mDEBUG[0m [3msummary[0m[2m=[0m"SELECT key_id, user_id, api_key, …" [3mdb.statement[0m[2m=[0m"\n\n\n            SELECT key_id, user_id, api_key, key_type, key_data, label, \n                   permissions, status, last_ts_nonce\n            FROM api_keys_tb \n            WHERE api_key = $1 AND status = 1\n            \n" [3mrows_affected[0m[2m=[0m1 [3mrows_returned[0m[2m=[0m1 [3melapsed[0m[2m=[0m1.519917ms [3melapsed_secs[0m[2m=[0m0.001519917
[DEBUG] Auth payload: api_key=AK_0000000000001001, ts_nonce=1766852765316, method=GET, uri=/api/v1/private/orders?limit=5
[2m2025-12-27T16:26:05.332795Z[0m [34mDEBUG[0m [3msummary[0m[2m=[0m"SELECT key_id, user_id, api_key, …" [3mdb.statement[0m[2m=[0m"\n\n\n            SELECT key_id, user_id, api_key, key_type, key_data, label, \n                   permissions, status, last_ts_nonce\n            FROM api_keys_tb \n            WHERE api_key = $1 AND status = 1\n            \n" [3mrows_affected[0m[2m=[0m1 [3mrows_returned[0m[2m=[0m1 [3melapsed[0m[2m=[0m1.163ms [3melapsed_secs[0m[2m=[0m0.001163
[DEBUG] Auth payload: api_key=AK_0000000000001001, ts_nonce=1766852765329, method=GET, uri=/api/v1/private/trades?limit=5
[2m2025-12-27T16:26:05.352115Z[0m [34mDEBUG[0m [3msummary[0m[2m=[0m"SELECT key_id, user_id, api_key, …" [3mdb.statement[0m[2m=[0m"\n\n\n            SELECT key_id, user_id, api_key, key_type, key_data, label, \n                   permissions, status, last_ts_nonce\n            FROM api_keys_tb \n            WHERE api_key = $1 AND status = 1\n            \n" [3mrows_affected[0m[2m=[0m1 [3mrows_returned[0m[2m=[0m1 [3melapsed[0m[2m=[0m360µs [3melapsed_secs[0m[2m=[0m0.00036
[DEBUG] Auth payload: api_key=AK_0000000000001001, ts_nonce=1766852765349, method=GET, uri=/api/v1/private/balances?asset_id=1
[2m2025-12-27T16:26:05.359167Z[0m [34mDEBUG[0m [3msummary[0m[2m=[0m"SELECT key_id, user_id, api_key, …" [3mdb.statement[0m[2m=[0m"\n\n\n            SELECT key_id, user_id, api_key, key_type, key_data, label, \n                   permissions, status, last_ts_nonce\n            FROM api_keys_tb \n            WHERE api_key = $1 AND status = 1\n            \n" [3mrows_affected[0m[2m=[0m1 [3mrows_returned[0m[2m=[0m1 [3melapsed[0m[2m=[0m340.75µs [3melapsed_secs[0m[2m=[0m0.00034075
[DEBUG] Auth payload: api_key=AK_0000000000001001, ts_nonce=1766852765357, method=GET, uri=/api/v1/private/balances/all
[2m2025-12-27T16:26:05.361948Z[0m [34mDEBUG[0m [3msummary[0m[2m=[0m"SELECT b.user_id, b.asset_id, b.account_type, …" [3mdb.statement[0m[2m=[0m"\n\n\n            SELECT b.user_id, b.asset_id, b.account_type, b.available, b.frozen,\n                   a.asset as asset_name, a.decimals\n            FROM balances_tb b\n            JOIN assets_tb a ON b.asset_id = a.asset_id\n            WHERE b.user_id = $1 AND b.status = 1\n            ORDER BY b.asset_id, b.account_type\n            \n" [3mrows_affected[0m[2m=[0m1 [3mrows_returned[0m[2m=[0m1 [3melapsed[0m[2m=[0m2.429083ms [3melapsed_secs[0m[2m=[0m0.002429083
[2m2025-12-27T16:26:05.364271Z[0m [34mDEBUG[0m [3msummary[0m[2m=[0m"SELECT key_id, user_id, api_key, …" [3mdb.statement[0m[2m=[0m"\n\n\n            SELECT key_id, user_id, api_key, key_type, key_data, label, \n                   permissions, status, last_ts_nonce\n            FROM api_keys_tb \n            WHERE api_key = $1 AND status = 1\n            \n" [3mrows_affected[0m[2m=[0m1 [3mrows_returned[0m[2m=[0m1 [3melapsed[0m[2m=[0m257.041µs [3melapsed_secs[0m[2m=[0m0.000257041
[DEBUG] Auth payload: api_key=AK_0000000000001001, ts_nonce=1766852765362, method=POST, uri=/api/v1/private/order
[2m2025-12-27T16:26:05.364394Z[0m [32m INFO[0m [TRACE] Create Order: Received from User 1001
[2m2025-12-27T16:26:05.364402Z[0m [32m INFO[0m [TRACE] Create Order 1: Pushing to Ingestion Queue
[2m2025-12-27T16:26:05.364406Z[0m [32m INFO[0m [TRACE] Create Order 1: ✅ Pushed to Ingestion Queue
[2m2025-12-27T16:26:05.364411Z[0m [32m INFO[0m [TRACE] UBSC: Popped action from order_queue
[2m2025-12-27T16:26:05.364436Z[0m [32m INFO[0m [TRACE] Order 1: UBSCore Processed (Locked & Validated)
[2m2025-12-27T16:26:05.364480Z[0m [32m INFO[0m [TRACE] Order 1: UBSCore -> Push Event Queue (NEW)
[2m2025-12-27T16:26:05.364551Z[0m [32m INFO[0m [1mORDER[0m[1m{[0morder_id=1[1m}[0m[2m:[0m [TRACE] Order 1: Matching Engine Processed (Trades: 0)
[2m2025-12-27T16:26:05.364567Z[0m [32m INFO[0m [1mORDER[0m[1m{[0morder_id=1[1m}[0m[2m:[0m Matching completed [3mtrades[0m[2m=[0m0
[2m2025-12-27T16:26:05.366705Z[0m [34mDEBUG[0m [3msummary[0m[2m=[0m"SELECT key_id, user_id, api_key, …" [3mdb.statement[0m[2m=[0m"\n\n\n            SELECT key_id, user_id, api_key, key_type, key_data, label, \n                   permissions, status, last_ts_nonce\n            FROM api_keys_tb \n            WHERE api_key = $1 AND status = 1\n            \n" [3mrows_affected[0m[2m=[0m1 [3mrows_returned[0m[2m=[0m1 [3melapsed[0m[2m=[0m342.458µs [3melapsed_secs[0m[2m=[0m0.000342458
[DEBUG] Auth payload: api_key=AK_0000000000001001, ts_nonce=1766852765364, method=POST, uri=/api/v1/private/cancel
[2m2025-12-27T16:26:05.366808Z[0m [32m INFO[0m [TRACE] Cancel Order 1: Received from User 1001
[2m2025-12-27T16:26:05.366813Z[0m [32m INFO[0m [TRACE] Cancel Order 1: ✅ Gateway -> Ingestion Queue (User 1001)
[2m2025-12-27T16:26:05.366817Z[0m [32m INFO[0m [TRACE] UBSC: Popped action from order_queue
[2m2025-12-27T16:26:05.369298Z[0m [34mDEBUG[0m [3msummary[0m[2m=[0m"SELECT key_id, user_id, api_key, …" [3mdb.statement[0m[2m=[0m"\n\n\n            SELECT key_id, user_id, api_key, key_type, key_data, label, \n                   permissions, status, last_ts_nonce\n            FROM api_keys_tb \n            WHERE api_key = $1 AND status = 1\n            \n" [3mrows_affected[0m[2m=[0m1 [3mrows_returned[0m[2m=[0m1 [3melapsed[0m[2m=[0m355.542µs [3melapsed_secs[0m[2m=[0m0.000355542
[DEBUG] Auth payload: api_key=AK_0000000000001001, ts_nonce=1766852765367, method=GET, uri=/api/v1/private/order/1
[2m2025-12-27T16:26:05.379848Z[0m [34mDEBUG[0m [3msummary[0m[2m=[0m"SELECT key_id, user_id, api_key, …" [3mdb.statement[0m[2m=[0m"\n\n\n            SELECT key_id, user_id, api_key, key_type, key_data, label, \n                   permissions, status, last_ts_nonce\n            FROM api_keys_tb \n            WHERE api_key = $1 AND status = 1\n            \n" [3mrows_affected[0m[2m=[0m1 [3mrows_returned[0m[2m=[0m1 [3melapsed[0m[2m=[0m389.292µs [3melapsed_secs[0m[2m=[0m0.000389292
[DEBUG] Auth payload: api_key=AK_0000000000001001, ts_nonce=1766852765377, method=POST, uri=/api/v1/private/transfer
[2m2025-12-27T16:26:05.379960Z[0m [32m INFO[0m [TRACE] Transfer Request: From User 1001
[2m2025-12-27T16:26:05.382362Z[0m [34mDEBUG[0m [3msummary[0m[2m=[0m"SELECT key_id, user_id, api_key, …" [3mdb.statement[0m[2m=[0m"\n\n\n            SELECT key_id, user_id, api_key, key_type, key_data, label, \n                   permissions, status, last_ts_nonce\n            FROM api_keys_tb \n            WHERE api_key = $1 AND status = 1\n            \n" [3mrows_affected[0m[2m=[0m1 [3mrows_returned[0m[2m=[0m1 [3melapsed[0m[2m=[0m347.167µs [3melapsed_secs[0m[2m=[0m0.000347167
[DEBUG] Auth payload: api_key=AK_0000000000001001, ts_nonce=1766852765380, method=GET, uri=/api/v1/private/transfer/01HXYZ123456789ABCDEF
[2m2025-12-27T16:26:06.361975Z[0m [34mDEBUG[0m [3msummary[0m[2m=[0m"SELECT key_id, user_id, api_key, …" [3mdb.statement[0m[2m=[0m"\n\n\n            SELECT key_id, user_id, api_key, key_type, key_data, label, \n                   permissions, status, last_ts_nonce\n            FROM api_keys_tb \n            WHERE api_key = $1 AND status = 1\n            \n" [3mrows_affected[0m[2m=[0m1 [3mrows_returned[0m[2m=[0m1 [3melapsed[0m[2m=[0m683.208µs [3melapsed_secs[0m[2m=[0m0.000683208
[DEBUG] Auth payload: api_key=AK_0000000000001001, ts_nonce=1766852766355, method=POST, uri=/api/v1/private/order?user_id=1001
[2m2025-12-27T16:26:06.362097Z[0m [32m INFO[0m [TRACE] Create Order: Received from User 1001
[2m2025-12-27T16:26:06.362103Z[0m [32m INFO[0m [TRACE] Create Order 2: Pushing to Ingestion Queue
[2m2025-12-27T16:26:06.362106Z[0m [32m INFO[0m [TRACE] Create Order 2: ✅ Pushed to Ingestion Queue
[2m2025-12-27T16:26:06.362184Z[0m [32m INFO[0m [TRACE] UBSC: Popped action from order_queue
[2m2025-12-27T16:26:06.362211Z[0m [32m INFO[0m [TRACE] Order 2: UBSCore Processed (Locked & Validated)
[2m2025-12-27T16:26:06.362223Z[0m [32m INFO[0m [TRACE] Order 2: UBSCore -> Push Event Queue (NEW)
[2m2025-12-27T16:26:06.362246Z[0m [32m INFO[0m [1mORDER[0m[1m{[0morder_id=2[1m}[0m[2m:[0m [TRACE] Order 2: Matching Engine Processed (Trades: 0)
[2m2025-12-27T16:26:06.362256Z[0m [32m INFO[0m [1mORDER[0m[1m{[0morder_id=2[1m}[0m[2m:[0m Matching completed [3mtrades[0m[2m=[0m0
[2m2025-12-27T16:26:06.367640Z[0m [34mDEBUG[0m [3msummary[0m[2m=[0m"SELECT key_id, user_id, api_key, …" [3mdb.statement[0m[2m=[0m"\n\n\n            SELECT key_id, user_id, api_key, key_type, key_data, label, \n                   permissions, status, last_ts_nonce\n            FROM api_keys_tb \n            WHERE api_key = $1 AND status = 1\n            \n" [3mrows_affected[0m[2m=[0m1 [3mrows_returned[0m[2m=[0m1 [3melapsed[0m[2m=[0m1.304292ms [3melapsed_secs[0m[2m=[0m0.001304292
[DEBUG] Auth payload: api_key=AK_0000000000001002, ts_nonce=1766852766362, method=POST, uri=/api/v1/private/order?user_id=1002
[2m2025-12-27T16:26:06.367749Z[0m [32m INFO[0m [TRACE] Create Order: Received from User 1002
[2m2025-12-27T16:26:06.367758Z[0m [32m INFO[0m [TRACE] Create Order 3: Pushing to Ingestion Queue
[2m2025-12-27T16:26:06.367761Z[0m [32m INFO[0m [TRACE] Create Order 3: ✅ Pushed to Ingestion Queue
[2m2025-12-27T16:26:06.367762Z[0m [32m INFO[0m [TRACE] UBSC: Popped action from order_queue
[2m2025-12-27T16:26:06.367775Z[0m [32m INFO[0m [TRACE] Order 3: UBSCore Processed (Locked & Validated)
[2m2025-12-27T16:26:06.367782Z[0m [32m INFO[0m [TRACE] Order 3: UBSCore -> Push Event Queue (NEW)
[2m2025-12-27T16:26:06.367798Z[0m [32m INFO[0m [1mORDER[0m[1m{[0morder_id=3[1m}[0m[2m:[0m [TRACE] Order 3: Matching Engine Processed (Trades: 1)
[2m2025-12-27T16:26:06.367806Z[0m [32m INFO[0m [1mORDER[0m[1m{[0morder_id=3[1m}[0m[2m:[0m Matching completed [3mtrades[0m[2m=[0m1
[2m2025-12-27T16:26:06.370187Z[0m [34mDEBUG[0m [3msummary[0m[2m=[0m"SELECT key_id, user_id, api_key, …" [3mdb.statement[0m[2m=[0m"\n\n\n            SELECT key_id, user_id, api_key, key_type, key_data, label, \n                   permissions, status, last_ts_nonce\n            FROM api_keys_tb \n            WHERE api_key = $1 AND status = 1\n            \n" [3mrows_affected[0m[2m=[0m1 [3mrows_returned[0m[2m=[0m1 [3melapsed[0m[2m=[0m329.833µs [3melapsed_secs[0m[2m=[0m0.000329833
[DEBUG] Auth payload: api_key=AK_0000000000001001, ts_nonce=1766852766368, method=POST, uri=/api/v1/private/order?user_id=1001
[2m2025-12-27T16:26:06.370284Z[0m [32m INFO[0m [TRACE] Create Order: Received from User 1001
[2m2025-12-27T16:26:06.370290Z[0m [32m INFO[0m [TRACE] Create Order 4: Pushing to Ingestion Queue
[2m2025-12-27T16:26:06.370293Z[0m [32m INFO[0m [TRACE] Create Order 4: ✅ Pushed to Ingestion Queue
[2m2025-12-27T16:26:06.370335Z[0m [32m INFO[0m [TRACE] UBSC: Popped action from order_queue
[2m2025-12-27T16:26:06.370352Z[0m [32m INFO[0m [TRACE] Order 4: UBSCore Processed (Locked & Validated)
[2m2025-12-27T16:26:06.370363Z[0m [32m INFO[0m [TRACE] Order 4: UBSCore -> Push Event Queue (NEW)
[2m2025-12-27T16:26:06.370429Z[0m [32m INFO[0m [1mORDER[0m[1m{[0morder_id=4[1m}[0m[2m:[0m [TRACE] Order 4: Matching Engine Processed (Trades: 0)
[2m2025-12-27T16:26:06.370438Z[0m [32m INFO[0m [1mORDER[0m[1m{[0morder_id=4[1m}[0m[2m:[0m Matching completed [3mtrades[0m[2m=[0m0
[2m2025-12-27T16:26:06.372601Z[0m [34mDEBUG[0m [3msummary[0m[2m=[0m"SELECT key_id, user_id, api_key, …" [3mdb.statement[0m[2m=[0m"\n\n\n            SELECT key_id, user_id, api_key, key_type, key_data, label, \n                   permissions, status, last_ts_nonce\n            FROM api_keys_tb \n            WHERE api_key = $1 AND status = 1\n            \n" [3mrows_affected[0m[2m=[0m1 [3mrows_returned[0m[2m=[0m1 [3melapsed[0m[2m=[0m276.75µs [3melapsed_secs[0m[2m=[0m0.00027675
[DEBUG] Auth payload: api_key=AK_D4735E3A265E16EE, ts_nonce=1766852766370, method=POST, uri=/api/v1/private/order?user_id=1003
[2m2025-12-27T16:26:06.372728Z[0m [32m INFO[0m [TRACE] Create Order: Received from User 1
[2m2025-12-27T16:26:06.372735Z[0m [32m INFO[0m [TRACE] Create Order 5: Pushing to Ingestion Queue
[2m2025-12-27T16:26:06.372742Z[0m [32m INFO[0m [TRACE] Create Order 5: ✅ Pushed to Ingestion Queue
[2m2025-12-27T16:26:06.372867Z[0m [32m INFO[0m [TRACE] UBSC: Popped action from order_queue
[2m2025-12-27T16:26:06.372880Z[0m [32m INFO[0m [TRACE] Order 5: UBSCore Processed (Locked & Validated)
[2m2025-12-27T16:26:06.372891Z[0m [32m INFO[0m [TRACE] Order 5: UBSCore -> Push Event Queue (NEW)
[2m2025-12-27T16:26:06.372943Z[0m [32m INFO[0m [1mORDER[0m[1m{[0morder_id=5[1m}[0m[2m:[0m [TRACE] Order 5: Matching Engine Processed (Trades: 1)
[2m2025-12-27T16:26:06.372955Z[0m [32m INFO[0m [1mORDER[0m[1m{[0morder_id=5[1m}[0m[2m:[0m Matching completed [3mtrades[0m[2m=[0m1
[2m2025-12-27T16:26:06.375210Z[0m [34mDEBUG[0m [3msummary[0m[2m=[0m"SELECT key_id, user_id, api_key, …" [3mdb.statement[0m[2m=[0m"\n\n\n            SELECT key_id, user_id, api_key, key_type, key_data, label, \n                   permissions, status, last_ts_nonce\n            FROM api_keys_tb \n            WHERE api_key = $1 AND status = 1\n            \n" [3mrows_affected[0m[2m=[0m1 [3mrows_returned[0m[2m=[0m1 [3melapsed[0m[2m=[0m348.542µs [3melapsed_secs[0m[2m=[0m0.000348542
[DEBUG] Auth payload: api_key=AK_0000000000001002, ts_nonce=1766852766373, method=POST, uri=/api/v1/private/order?user_id=1002
[2m2025-12-27T16:26:06.375316Z[0m [32m INFO[0m [TRACE] Create Order: Received from User 1002
[2m2025-12-27T16:26:06.375321Z[0m [32m INFO[0m [TRACE] Create Order 6: Pushing to Ingestion Queue
[2m2025-12-27T16:26:06.375324Z[0m [32m INFO[0m [TRACE] Create Order 6: ✅ Pushed to Ingestion Queue
[2m2025-12-27T16:26:06.375411Z[0m [32m INFO[0m [TRACE] UBSC: Popped action from order_queue
[2m2025-12-27T16:26:06.375425Z[0m [32m INFO[0m [TRACE] Order 6: UBSCore Processed (Locked & Validated)
[2m2025-12-27T16:26:06.375437Z[0m [32m INFO[0m [TRACE] Order 6: UBSCore -> Push Event Queue (NEW)
[2m2025-12-27T16:26:06.375440Z[0m [32m INFO[0m [1mORDER[0m[1m{[0morder_id=6[1m}[0m[2m:[0m [TRACE] Order 6: Matching Engine Processed (Trades: 0)
[2m2025-12-27T16:26:06.375447Z[0m [32m INFO[0m [1mORDER[0m[1m{[0morder_id=6[1m}[0m[2m:[0m Matching completed [3mtrades[0m[2m=[0m0
[2m2025-12-27T16:26:06.377846Z[0m [34mDEBUG[0m [3msummary[0m[2m=[0m"SELECT key_id, user_id, api_key, …" [3mdb.statement[0m[2m=[0m"\n\n\n            SELECT key_id, user_id, api_key, key_type, key_data, label, \n                   permissions, status, last_ts_nonce\n            FROM api_keys_tb \n            WHERE api_key = $1 AND status = 1\n            \n" [3mrows_affected[0m[2m=[0m1 [3mrows_returned[0m[2m=[0m1 [3melapsed[0m[2m=[0m313.375µs [3melapsed_secs[0m[2m=[0m0.000313375
[DEBUG] Auth payload: api_key=AK_0000000000001001, ts_nonce=1766852766375, method=POST, uri=/api/v1/private/order?user_id=1001
[2m2025-12-27T16:26:06.377952Z[0m [32m INFO[0m [TRACE] Create Order: Received from User 1001
[2m2025-12-27T16:26:06.377957Z[0m [32m INFO[0m [TRACE] Create Order 7: Pushing to Ingestion Queue
[2m2025-12-27T16:26:06.377961Z[0m [32m INFO[0m [TRACE] Create Order 7: ✅ Pushed to Ingestion Queue
[2m2025-12-27T16:26:06.378082Z[0m [32m INFO[0m [TRACE] UBSC: Popped action from order_queue
[2m2025-12-27T16:26:06.378097Z[0m [32m INFO[0m [TRACE] Order 7: UBSCore Processed (Locked & Validated)
[2m2025-12-27T16:26:06.378112Z[0m [32m INFO[0m [TRACE] Order 7: UBSCore -> Push Event Queue (NEW)
[2m2025-12-27T16:26:06.378121Z[0m [32m INFO[0m [1mORDER[0m[1m{[0morder_id=7[1m}[0m[2m:[0m [TRACE] Order 7: Matching Engine Processed (Trades: 1)
[2m2025-12-27T16:26:06.378151Z[0m [32m INFO[0m [1mORDER[0m[1m{[0morder_id=7[1m}[0m[2m:[0m Matching completed [3mtrades[0m[2m=[0m1
[2m2025-12-27T16:26:09.703879Z[0m [32m INFO[0m WebSocket connection added [3mconn_id[0m[2m=[0m1 [3mtotal_connections[0m[2m=[0m1
[2m2025-12-27T16:26:09.703912Z[0m [32m INFO[0m WebSocket connection added [3mconn_id[0m[2m=[0m1 [3mtotal_connections[0m[2m=[0m1
[2m2025-12-27T16:26:09.707407Z[0m [34mDEBUG[0m [3msummary[0m[2m=[0m"SELECT key_id, user_id, api_key, …" [3mdb.statement[0m[2m=[0m"\n\n\n            SELECT key_id, user_id, api_key, key_type, key_data, label, \n                   permissions, status, last_ts_nonce\n            FROM api_keys_tb \n            WHERE api_key = $1 AND status = 1\n            \n" [3mrows_affected[0m[2m=[0m1 [3mrows_returned[0m[2m=[0m1 [3melapsed[0m[2m=[0m268.458µs [3melapsed_secs[0m[2m=[0m0.000268458
[DEBUG] Auth payload: api_key=AK_0000000000001002, ts_nonce=1766852769704, method=POST, uri=/api/v1/private/order
[2m2025-12-27T16:26:09.707517Z[0m [32m INFO[0m [TRACE] Create Order: Received from User 1002
[2m2025-12-27T16:26:09.707523Z[0m [32m INFO[0m [TRACE] Create Order 8: Pushing to Ingestion Queue
[2m2025-12-27T16:26:09.707527Z[0m [32m INFO[0m [TRACE] Create Order 8: ✅ Pushed to Ingestion Queue
[2m2025-12-27T16:26:09.707529Z[0m [32m INFO[0m [TRACE] UBSC: Popped action from order_queue
[2m2025-12-27T16:26:09.707542Z[0m [32m INFO[0m [TRACE] Order 8: UBSCore Processed (Locked & Validated)
[2m2025-12-27T16:26:09.707555Z[0m [32m INFO[0m [TRACE] Order 8: UBSCore -> Push Event Queue (NEW)
[2m2025-12-27T16:26:09.707600Z[0m [32m INFO[0m [1mORDER[0m[1m{[0morder_id=8[1m}[0m[2m:[0m [TRACE] Order 8: Matching Engine Processed (Trades: 0)
[2m2025-12-27T16:26:09.707607Z[0m [32m INFO[0m [1mORDER[0m[1m{[0morder_id=8[1m}[0m[2m:[0m Matching completed [3mtrades[0m[2m=[0m0
[2m2025-12-27T16:26:09.716376Z[0m [34mDEBUG[0m [3msummary[0m[2m=[0m"SELECT key_id, user_id, api_key, …" [3mdb.statement[0m[2m=[0m"\n\n\n            SELECT key_id, user_id, api_key, key_type, key_data, label, \n                   permissions, status, last_ts_nonce\n            FROM api_keys_tb \n            WHERE api_key = $1 AND status = 1\n            \n" [3mrows_affected[0m[2m=[0m1 [3mrows_returned[0m[2m=[0m1 [3melapsed[0m[2m=[0m327.542µs [3melapsed_secs[0m[2m=[0m0.000327542
[DEBUG] Auth payload: api_key=AK_0000000000001001, ts_nonce=1766852769708, method=POST, uri=/api/v1/private/order
[2m2025-12-27T16:26:09.716505Z[0m [32m INFO[0m [TRACE] Create Order: Received from User 1001
[2m2025-12-27T16:26:09.716511Z[0m [32m INFO[0m [TRACE] Create Order 9: Pushing to Ingestion Queue
[2m2025-12-27T16:26:09.716515Z[0m [32m INFO[0m [TRACE] Create Order 9: ✅ Pushed to Ingestion Queue
[2m2025-12-27T16:26:09.716649Z[0m [32m INFO[0m [TRACE] UBSC: Popped action from order_queue
[2m2025-12-27T16:26:09.716664Z[0m [32m INFO[0m [TRACE] Order 9: UBSCore Processed (Locked & Validated)
[2m2025-12-27T16:26:09.716675Z[0m [32m INFO[0m [TRACE] Order 9: UBSCore -> Push Event Queue (NEW)
[2m2025-12-27T16:26:09.716709Z[0m [32m INFO[0m [1mORDER[0m[1m{[0morder_id=9[1m}[0m[2m:[0m [TRACE] Order 9: Matching Engine Processed (Trades: 1)
[2m2025-12-27T16:26:09.716717Z[0m [32m INFO[0m [1mORDER[0m[1m{[0morder_id=9[1m}[0m[2m:[0m Matching completed [3mtrades[0m[2m=[0m1
[2m2025-12-27T16:26:09.722874Z[0m [34mDEBUG[0m Received close frame: Some(CloseFrame { code: Normal, reason: Utf8Bytes(b"") })
[2m2025-12-27T16:26:09.722901Z[0m [34mDEBUG[0m Replying to close with Frame { header: FrameHeader { is_final: true, rsv1: false, rsv2: false, rsv3: false, opcode: Control(Close), mask: None }, payload: b"\x03\xe8" }
[2m2025-12-27T16:26:09.722918Z[0m [32m INFO[0m All WebSocket connections closed [3mconn_id[0m[2m=[0m1
[2m2025-12-27T16:26:09.860772Z[0m [32m INFO[0m WebSocket connection added [3mconn_id[0m[2m=[0m2 [3mtotal_connections[0m[2m=[0m1
[2m2025-12-27T16:26:09.860815Z[0m [32m INFO[0m WebSocket connection added [3mconn_id[0m[2m=[0m2 [3mtotal_connections[0m[2m=[0m1
[2m2025-12-27T16:26:09.870708Z[0m [34mDEBUG[0m [3msummary[0m[2m=[0m"SELECT key_id, user_id, api_key, …" [3mdb.statement[0m[2m=[0m"\n\n\n            SELECT key_id, user_id, api_key, key_type, key_data, label, \n                   permissions, status, last_ts_nonce\n            FROM api_keys_tb \n            WHERE api_key = $1 AND status = 1\n            \n" [3mrows_affected[0m[2m=[0m1 [3mrows_returned[0m[2m=[0m1 [3melapsed[0m[2m=[0m433.75µs [3melapsed_secs[0m[2m=[0m0.00043375
[DEBUG] Auth payload: api_key=AK_0000000000001002, ts_nonce=1766852769861, method=POST, uri=/api/v1/private/order
[2m2025-12-27T16:26:09.870846Z[0m [32m INFO[0m [TRACE] Create Order: Received from User 1002
[2m2025-12-27T16:26:09.870854Z[0m [32m INFO[0m [TRACE] Create Order 10: Pushing to Ingestion Queue
[2m2025-12-27T16:26:09.870857Z[0m [32m INFO[0m [TRACE] Create Order 10: ✅ Pushed to Ingestion Queue
[2m2025-12-27T16:26:09.870863Z[0m [32m INFO[0m [TRACE] UBSC: Popped action from order_queue
[2m2025-12-27T16:26:09.870876Z[0m [32m INFO[0m [TRACE] Order 10: UBSCore Processed (Locked & Validated)
[2m2025-12-27T16:26:09.870888Z[0m [32m INFO[0m [TRACE] Order 10: UBSCore -> Push Event Queue (NEW)
[2m2025-12-27T16:26:09.871027Z[0m [32m INFO[0m [1mORDER[0m[1m{[0morder_id=10[1m}[0m[2m:[0m [TRACE] Order 10: Matching Engine Processed (Trades: 0)
[2m2025-12-27T16:26:09.871044Z[0m [32m INFO[0m [1mORDER[0m[1m{[0morder_id=10[1m}[0m[2m:[0m Matching completed [3mtrades[0m[2m=[0m0
[2m2025-12-27T16:26:09.873648Z[0m [34mDEBUG[0m [3msummary[0m[2m=[0m"SELECT key_id, user_id, api_key, …" [3mdb.statement[0m[2m=[0m"\n\n\n            SELECT key_id, user_id, api_key, key_type, key_data, label, \n                   permissions, status, last_ts_nonce\n            FROM api_keys_tb \n            WHERE api_key = $1 AND status = 1\n            \n" [3mrows_affected[0m[2m=[0m1 [3mrows_returned[0m[2m=[0m1 [3melapsed[0m[2m=[0m259.459µs [3melapsed_secs[0m[2m=[0m0.000259459
[DEBUG] Auth payload: api_key=AK_0000000000001001, ts_nonce=1766852769871, method=POST, uri=/api/v1/private/order
[2m2025-12-27T16:26:09.873765Z[0m [32m INFO[0m [TRACE] Create Order: Received from User 1001
[2m2025-12-27T16:26:09.873773Z[0m [32m INFO[0m [TRACE] Create Order 11: Pushing to Ingestion Queue
[2m2025-12-27T16:26:09.873778Z[0m [32m INFO[0m [TRACE] Create Order 11: ✅ Pushed to Ingestion Queue
[2m2025-12-27T16:26:09.873779Z[0m [32m INFO[0m [TRACE] UBSC: Popped action from order_queue
[2m2025-12-27T16:26:09.873800Z[0m [32m INFO[0m [TRACE] Order 11: UBSCore Processed (Locked & Validated)
[2m2025-12-27T16:26:09.873809Z[0m [32m INFO[0m [TRACE] Order 11: UBSCore -> Push Event Queue (NEW)
[2m2025-12-27T16:26:09.873910Z[0m [32m INFO[0m [1mORDER[0m[1m{[0morder_id=11[1m}[0m[2m:[0m [TRACE] Order 11: Matching Engine Processed (Trades: 0)
[2m2025-12-27T16:26:09.873917Z[0m [32m INFO[0m [1mORDER[0m[1m{[0morder_id=11[1m}[0m[2m:[0m Matching completed [3mtrades[0m[2m=[0m0
[2m2025-12-27T16:26:09.909276Z[0m [34mDEBUG[0m Received close frame: Some(CloseFrame { code: Normal, reason: Utf8Bytes(b"") })
[2m2025-12-27T16:26:09.909304Z[0m [34mDEBUG[0m Replying to close with Frame { header: FrameHeader { is_final: true, rsv1: false, rsv2: false, rsv3: false, opcode: Control(Close), mask: None }, payload: b"\x03\xe8" }
[2m2025-12-27T16:26:09.909321Z[0m [32m INFO[0m All WebSocket connections closed [3mconn_id[0m[2m=[0m2
[2m2025-12-27T16:26:10.052048Z[0m [32m INFO[0m WebSocket connection added [3mconn_id[0m[2m=[0m3 [3mtotal_connections[0m[2m=[0m1
[2m2025-12-27T16:26:10.052078Z[0m [32m INFO[0m WebSocket connection added [3mconn_id[0m[2m=[0m3 [3mtotal_connections[0m[2m=[0m1
[2m2025-12-27T16:26:10.056135Z[0m [34mDEBUG[0m [3msummary[0m[2m=[0m"SELECT key_id, user_id, api_key, …" [3mdb.statement[0m[2m=[0m"\n\n\n            SELECT key_id, user_id, api_key, key_type, key_data, label, \n                   permissions, status, last_ts_nonce\n            FROM api_keys_tb \n            WHERE api_key = $1 AND status = 1\n            \n" [3mrows_affected[0m[2m=[0m1 [3mrows_returned[0m[2m=[0m1 [3melapsed[0m[2m=[0m451.417µs [3melapsed_secs[0m[2m=[0m0.000451417
[DEBUG] Auth payload: api_key=AK_0000000000001002, ts_nonce=1766852770052, method=POST, uri=/api/v1/private/order?user_id=1002
[2m2025-12-27T16:26:10.056286Z[0m [32m INFO[0m [TRACE] Create Order: Received from User 1002
[2m2025-12-27T16:26:10.056293Z[0m [32m INFO[0m [TRACE] Create Order 12: Pushing to Ingestion Queue
[2m2025-12-27T16:26:10.056298Z[0m [32m INFO[0m [TRACE] Create Order 12: ✅ Pushed to Ingestion Queue
[2m2025-12-27T16:26:10.056357Z[0m [32m INFO[0m [TRACE] UBSC: Popped action from order_queue
[2m2025-12-27T16:26:10.056365Z[0m [32m INFO[0m [TRACE] Order 12: UBSCore Processed (Locked & Validated)
[2m2025-12-27T16:26:10.056378Z[0m [32m INFO[0m [TRACE] Order 12: UBSCore -> Push Event Queue (NEW)
[2m2025-12-27T16:26:10.056487Z[0m [32m INFO[0m [1mORDER[0m[1m{[0morder_id=12[1m}[0m[2m:[0m [TRACE] Order 12: Matching Engine Processed (Trades: 0)
[2m2025-12-27T16:26:10.056493Z[0m [32m INFO[0m [1mORDER[0m[1m{[0morder_id=12[1m}[0m[2m:[0m Matching completed [3mtrades[0m[2m=[0m0
[2m2025-12-27T16:26:10.063990Z[0m [34mDEBUG[0m [3msummary[0m[2m=[0m"SELECT key_id, user_id, api_key, …" [3mdb.statement[0m[2m=[0m"\n\n\n            SELECT key_id, user_id, api_key, key_type, key_data, label, \n                   permissions, status, last_ts_nonce\n            FROM api_keys_tb \n            WHERE api_key = $1 AND status = 1\n            \n" [3mrows_affected[0m[2m=[0m1 [3mrows_returned[0m[2m=[0m1 [3melapsed[0m[2m=[0m3.709375ms [3melapsed_secs[0m[2m=[0m0.003709375
[DEBUG] Auth payload: api_key=AK_0000000000001001, ts_nonce=1766852770056, method=POST, uri=/api/v1/private/order?user_id=1001
[2m2025-12-27T16:26:10.064100Z[0m [32m INFO[0m [TRACE] Create Order: Received from User 1001
[2m2025-12-27T16:26:10.064106Z[0m [32m INFO[0m [TRACE] Create Order 13: Pushing to Ingestion Queue
[2m2025-12-27T16:26:10.064109Z[0m [32m INFO[0m [TRACE] Create Order 13: ✅ Pushed to Ingestion Queue
[2m2025-12-27T16:26:10.064201Z[0m [32m INFO[0m [TRACE] UBSC: Popped action from order_queue
[2m2025-12-27T16:26:10.064210Z[0m [32m INFO[0m [TRACE] Order 13: UBSCore Processed (Locked & Validated)
[2m2025-12-27T16:26:10.064219Z[0m [32m INFO[0m [TRACE] Order 13: UBSCore -> Push Event Queue (NEW)
[2m2025-12-27T16:26:10.064334Z[0m [32m INFO[0m [1mORDER[0m[1m{[0morder_id=13[1m}[0m[2m:[0m [TRACE] Order 13: Matching Engine Processed (Trades: 1)
[2m2025-12-27T16:26:10.064340Z[0m [32m INFO[0m [1mORDER[0m[1m{[0morder_id=13[1m}[0m[2m:[0m Matching completed [3mtrades[0m[2m=[0m1
[2m2025-12-27T16:26:10.071860Z[0m [33m WARN[0m [PROFILE] async_balance_persist=13ms count=1
[2m2025-12-27T16:26:10.073726Z[0m [33m WARN[0m [PROFILE] async_me_persist=8ms orders=1 trades=1
[2m2025-12-27T16:26:10.074970Z[0m [34mDEBUG[0m Received close frame: Some(CloseFrame { code: Normal, reason: Utf8Bytes(b"") })
[2m2025-12-27T16:26:10.074982Z[0m [34mDEBUG[0m Replying to close with Frame { header: FrameHeader { is_final: true, rsv1: false, rsv2: false, rsv3: false, opcode: Control(Close), mask: None }, payload: b"\x03\xe8" }
[2m2025-12-27T16:26:10.074993Z[0m [32m INFO[0m All WebSocket connections closed [3mconn_id[0m[2m=[0m3
[2m2025-12-27T16:26:10.266524Z[0m [32m INFO[0m WebSocket connection added [3mconn_id[0m[2m=[0m4 [3mtotal_connections[0m[2m=[0m1
[2m2025-12-27T16:26:10.266552Z[0m [32m INFO[0m WebSocket connection added [3mconn_id[0m[2m=[0m4 [3mtotal_connections[0m[2m=[0m1
[2m2025-12-27T16:26:10.266791Z[0m [34mDEBUG[0m Received close frame: Some(CloseFrame { code: Normal, reason: Utf8Bytes(b"") })
[2m2025-12-27T16:26:10.266822Z[0m [34mDEBUG[0m Replying to close with Frame { header: FrameHeader { is_final: true, rsv1: false, rsv2: false, rsv3: false, opcode: Control(Close), mask: None }, payload: b"\x03\xe8" }
[2m2025-12-27T16:26:10.266838Z[0m [32m INFO[0m All WebSocket connections closed [3mconn_id[0m[2m=[0m4
[2m2025-12-27T16:26:10.290869Z[0m [34mDEBUG[0m [3msummary[0m[2m=[0m"INSERT INTO users_tb (username, …" [3mdb.statement[0m[2m=[0m"\n\n\n            INSERT INTO users_tb (username, email, password_hash, salt)\n            VALUES ($1, $2, $3, $4)\n            RETURNING user_id\n            \n" [3mrows_affected[0m[2m=[0m1 [3mrows_returned[0m[2m=[0m1 [3melapsed[0m[2m=[0m3.387583ms [3melapsed_secs[0m[2m=[0m0.003387583
[2m2025-12-27T16:26:10.292387Z[0m [34mDEBUG[0m [3msummary[0m[2m=[0m"SELECT user_id, username, email, …" [3mdb.statement[0m[2m=[0m"\n\n\n            SELECT user_id, username, email, password_hash\n            FROM users_tb\n            WHERE email = $1\n            \n" [3mrows_affected[0m[2m=[0m1 [3mrows_returned[0m[2m=[0m1 [3melapsed[0m[2m=[0m696.709µs [3melapsed_secs[0m[2m=[0m0.000696709
[2m2025-12-27T16:26:10.310208Z[0m [32m INFO[0m WebSocket connection added [3muser_id[0m[2m=[0m16 [3mconn_id[0m[2m=[0m5 [3mtotal_connections[0m[2m=[0m1
[2m2025-12-27T16:26:10.310240Z[0m [32m INFO[0m WebSocket connection added [3muser_id[0m[2m=[0m16 [3mconn_id[0m[2m=[0m5 [3mtotal_connections[0m[2m=[0m1
[2m2025-12-27T16:26:10.310620Z[0m [34mDEBUG[0m Received close frame: Some(CloseFrame { code: Normal, reason: Utf8Bytes(b"") })
[2m2025-12-27T16:26:10.310630Z[0m [34mDEBUG[0m Replying to close with Frame { header: FrameHeader { is_final: true, rsv1: false, rsv2: false, rsv3: false, opcode: Control(Close), mask: None }, payload: b"\x03\xe8" }
[2m2025-12-27T16:26:10.310643Z[0m [32m INFO[0m All WebSocket connections closed [3muser_id[0m[2m=[0m16 [3mconn_id[0m[2m=[0m5
[2m2025-12-27T16:26:10.314904Z[0m [32m INFO[0m WebSocket connection added [3mconn_id[0m[2m=[0m6 [3mtotal_connections[0m[2m=[0m1
[2m2025-12-27T16:26:10.314923Z[0m [32m INFO[0m WebSocket connection added [3mconn_id[0m[2m=[0m6 [3mtotal_connections[0m[2m=[0m1
[2m2025-12-27T16:26:10.315174Z[0m [34mDEBUG[0m Received close frame: Some(CloseFrame { code: Normal, reason: Utf8Bytes(b"") })
[2m2025-12-27T16:26:10.315182Z[0m [34mDEBUG[0m Replying to close with Frame { header: FrameHeader { is_final: true, rsv1: false, rsv2: false, rsv3: false, opcode: Control(Close), mask: None }, payload: b"\x03\xe8" }
[2m2025-12-27T16:26:10.315194Z[0m [32m INFO[0m All WebSocket connections closed [3mconn_id[0m[2m=[0m6
